<?xml version="1.0" encoding="UTF-8"?>
<coverage generated="1665952094978" clover="3.2.0">
  <project timestamp="1665952094978" name="All files">
    <metrics statements="24" coveredstatements="23" conditionals="4" coveredconditionals="3" methods="3" coveredmethods="3" elements="31" coveredelements="29" complexity="0" loc="24" ncloc="24" packages="1" files="2" classes="2"/>
    <file name="errorcontrol.functions.js" path="C:\Users\lherr\OneDrive\Escritorio\asd\202210-W2CH5-luis-herrera\errorcontrol.functions.js">
      <metrics statements="3" coveredstatements="2" conditionals="2" coveredconditionals="1" methods="1" coveredmethods="1"/>
      <line num="1" count="1" type="stmt"/>
      <line num="2" count="2" type="cond" truecount="1" falsecount="1"/>
      <line num="3" count="0" type="stmt"/>
    </file>
    <file name="gamegrid.js" path="C:\Users\lherr\OneDrive\Escritorio\asd\202210-W2CH5-luis-herrera\gamegrid.js">
      <metrics statements="21" coveredstatements="21" conditionals="2" coveredconditionals="2" methods="2" coveredmethods="2"/>
      <line num="3" count="1" type="stmt"/>
      <line num="4" count="1" type="stmt"/>
      <line num="6" count="1" type="stmt"/>
      <line num="7" count="1" type="stmt"/>
      <line num="8" count="1" type="stmt"/>
      <line num="10" count="1" type="stmt"/>
      <line num="11" count="2" type="stmt"/>
      <line num="12" count="2" type="stmt"/>
      <line num="13" count="4" type="stmt"/>
      <line num="14" count="4" type="cond" truecount="2" falsecount="0"/>
      <line num="15" count="1" type="stmt"/>
      <line num="17" count="3" type="stmt"/>
      <line num="22" count="1" type="stmt"/>
      <line num="25" count="1" type="stmt"/>
      <line num="26" count="1" type="stmt"/>
      <line num="27" count="1" type="stmt"/>
      <line num="29" count="1" type="stmt"/>
      <line num="30" count="2" type="stmt"/>
      <line num="32" count="2" type="stmt"/>
      <line num="33" count="4" type="stmt"/>
      <line num="37" count="1" type="stmt"/>
    </file>
  </project>
</coverage>
