{"C:\\Users\\lherr\\OneDrive\\Escritorio\\asd\\202210-W2CH5-luis-herrera\\gamegrid.js": {"path":"C:\\Users\\lherr\\OneDrive\\Escritorio\\asd\\202210-W2CH5-luis-herrera\\gamegrid.js","statementMap":{"0":{"start":{"line":3,"column":24},"end":{"line":3,"column":28}},"1":{"start":{"line":4,"column":25},"end":{"line":4,"column":29}},"2":{"start":{"line":6,"column":30},"end":{"line":23,"column":1}},"3":{"start":{"line":7,"column":2},"end":{"line":7,"column":31}},"4":{"start":{"line":8,"column":19},"end":{"line":8,"column":21}},"5":{"start":{"line":10,"column":2},"end":{"line":20,"column":3}},"6":{"start":{"line":10,"column":15},"end":{"line":10,"column":16}},"7":{"start":{"line":11,"column":4},"end":{"line":11,"column":21}},"8":{"start":{"line":12,"column":4},"end":{"line":19,"column":5}},"9":{"start":{"line":12,"column":17},"end":{"line":12,"column":18}},"10":{"start":{"line":13,"column":25},"end":{"line":13,"column":54}},"11":{"start":{"line":14,"column":6},"end":{"line":18,"column":7}},"12":{"start":{"line":15,"column":8},"end":{"line":15,"column":35}},"13":{"start":{"line":17,"column":8},"end":{"line":17,"column":36}},"14":{"start":{"line":22,"column":2},"end":{"line":22,"column":18}},"15":{"start":{"line":25,"column":30},"end":{"line":38,"column":1}},"16":{"start":{"line":26,"column":2},"end":{"line":26,"column":31}},"17":{"start":{"line":27,"column":19},"end":{"line":27,"column":21}},"18":{"start":{"line":29,"column":2},"end":{"line":35,"column":3}},"19":{"start":{"line":29,"column":15},"end":{"line":29,"column":16}},"20":{"start":{"line":30,"column":4},"end":{"line":30,"column":21}},"21":{"start":{"line":32,"column":4},"end":{"line":34,"column":5}},"22":{"start":{"line":32,"column":17},"end":{"line":32,"column":18}},"23":{"start":{"line":33,"column":6},"end":{"line":33,"column":27}},"24":{"start":{"line":37,"column":2},"end":{"line":37,"column":18}}},"fnMap":{"0":{"name":"(anonymous_0)","decl":{"start":{"line":6,"column":30},"end":{"line":6,"column":31}},"loc":{"start":{"line":6,"column":42},"end":{"line":23,"column":1}},"line":6},"1":{"name":"(anonymous_1)","decl":{"start":{"line":25,"column":30},"end":{"line":25,"column":31}},"loc":{"start":{"line":25,"column":42},"end":{"line":38,"column":1}},"line":25}},"branchMap":{"0":{"loc":{"start":{"line":14,"column":6},"end":{"line":18,"column":7}},"type":"if","locations":[{"start":{"line":14,"column":6},"end":{"line":18,"column":7}},{"start":{"line":16,"column":13},"end":{"line":18,"column":7}}],"line":14}},"s":{"0":1,"1":1,"2":1,"3":1,"4":1,"5":1,"6":1,"7":2,"8":2,"9":2,"10":4,"11":4,"12":3,"13":1,"14":1,"15":1,"16":1,"17":1,"18":1,"19":1,"20":2,"21":2,"22":2,"23":4,"24":1},"f":{"0":1,"1":1},"b":{"0":[3,1]},"_coverageSchema":"1a1c01bbd47fc00a2c39e90264f33305004495a9","hash":"0c720d27e86b4f5322da096b0da029a1401e253a"}
}
